#
# There is insufficient memory for the Java Runtime Environment to continue.
# Native memory allocation (mmap) failed to map 268435456 bytes for Failed to commit area from 0x0000000700c00000 to 0x0000000710c00000 of length 268435456.
# Possible reasons:
#   The system is out of physical RAM or swap space
#   The process is running with CompressedOops enabled, and the Java Heap may be blocking the growth of the native heap
# Possible solutions:
#   Reduce memory load on the system
#   Increase physical memory or swap space
#   Check if swap backing store is full
#   Decrease Java heap size (-Xmx/-Xms)
#   Decrease number of Java threads
#   Decrease Java thread stack sizes (-Xss)
#   Set larger code cache with -XX:ReservedCodeCacheSize=
# This output file may be truncated or incomplete.
#
#  Out of Memory Error (./open/src/hotspot/os/windows/os_windows.cpp:3283), pid=8488, tid=5032
#
# JRE version:  (11.0.17+10) (build )
# Java VM: Java HotSpot(TM) 64-Bit Server VM (11.0.17+10-LTS-269, mixed mode, sharing, tiered, compressed oops, g1 gc, windows-amd64)
# No core dump will be written. Minidumps are not enabled by default on client versions of Windows
#

---------------  S U M M A R Y ------------

Command Line: org.jetbrains.kotlin.cli.jvm.K2JVMCompiler @C:\Users\root\Desktop\Att-scanner\attscanner\node_modules\react-native-gesture-handler\android\build\20230404_14371612715449151659.compiler.options

Host: AMD Ryzen 5 2600 Six-Core Processor            , 12 cores, 15G,  Windows 11 , 64 bit Build 22621 (10.0.22621.1194)
Time: Tue Apr  4 19:32:57 2023 India Standard Time elapsed time: 0.069173 seconds (0d 0h 0m 0s)

---------------  T H R E A D  ---------------

Current thread (0x000002de4c1ad800):  JavaThread "Unknown thread" [_thread_in_vm, id=5032, stack(0x000000e345400000,0x000000e345500000)]

Stack: [0x000000e345400000,0x000000e345500000]
Native frames: (J=compiled Java code, j=interpreted, Vv=VM code, C=native code)
V  [jvm.dll+0x62b5da]
V  [jvm.dll+0x7653df]
V  [jvm.dll+0x766a89]
V  [jvm.dll+0x767113]
V  [jvm.dll+0x23dd28]
V  [jvm.dll+0x62896a]
V  [jvm.dll+0x61d625]
V  [jvm.dll+0x2f2d3c]
V  [jvm.dll+0x2f2bc2]
V  [jvm.dll+0x2f78e6]
V  [jvm.dll+0x33a2df]
V  [jvm.dll+0x339d10]
V  [jvm.dll+0x2d0368]
V  [jvm.dll+0x2d14d6]
V  [jvm.dll+0x73f9a7]
V  [jvm.dll+0x74123f]
V  [jvm.dll+0x347039]
V  [jvm.dll+0x725280]
V  [jvm.dll+0x3b5c1f]
V  [jvm.dll+0x3b7d31]
C  [jli.dll+0x5207]
C  [ucrtbase.dll+0x29363]
C  [KERNEL32.DLL+0x126bd]
C  [ntdll.dll+0x5dfb8]


---------------  P R O C E S S  ---------------

Threads class SMR info:
_java_thread_list=0x000002de49fb5540, length=0, elements={
}

Java Threads: ( => current thread )

Other Threads:
  0x000002de4c1c1800 GCTaskThread "GC Thread#0" [stack: 0x000000e345500000,0x000000e345600000] [id=3012]
  0x000002de4c21d800 ConcurrentGCThread "G1 Main Marker" [stack: 0x000000e345600000,0x000000e345700000] [id=13184]
  0x000002de4c21f800 ConcurrentGCThread "G1 Conc#0" [stack: 0x000000e345700000,0x000000e345800000] [id=7500]

[error occurred during error reporting (printing all threads), id 0xc0000005, EXCEPTION_ACCESS_VIOLATION (0xc0000005) at pc=0x00007ffd28c4f5f7]

VM state:not at safepoint (not fully initialized)

VM Mutex/Monitor currently owned by a thread:  ([mutex/lock_event])
[0x000002de4c1a8fe0] Heap_lock - owner thread: 0x000002de4c1ad800

Heap address: 0x0000000700c00000, size: 4084 MB, Compressed Oops mode: Non-zero based: 0x0000000700c00000
Narrow klass base: 0x0000000000000000, Narrow klass shift: 0

GC Heap History (0 events):
No events

Deoptimization events (0 events):
No events

Classes redefined (0 events):
No events

Internal exceptions (0 events):
No events

Events (0 events):
No events


Dynamic libraries:
0x00007ff603060000 - 0x00007ff60306f000 	C:\Program Files\Java\jdk-11.0.17\bin\java.exe
0x00007ffd85610000 - 0x00007ffd85824000 	C:\Windows\SYSTEM32\ntdll.dll
0x00007ffd839a0000 - 0x00007ffd83a63000 	C:\Windows\System32\KERNEL32.DLL
0x00007ffd82a50000 - 0x00007ffd82dec000 	C:\Windows\System32\KERNELBASE.dll
0x00007ffd82f20000 - 0x00007ffd83031000 	C:\Windows\System32\ucrtbase.dll
0x00007ffd7c7e0000 - 0x00007ffd7c7f8000 	C:\Program Files\Java\jdk-11.0.17\bin\jli.dll
0x00007ffd83610000 - 0x00007ffd836be000 	C:\Windows\System32\ADVAPI32.dll
0x00007ffd83f10000 - 0x00007ffd83fb7000 	C:\Windows\System32\msvcrt.dll
0x00007ffd84fa0000 - 0x00007ffd85044000 	C:\Windows\System32\sechost.dll
0x00007ffd83ac0000 - 0x00007ffd83bd5000 	C:\Windows\System32\RPCRT4.dll
0x00007ffd83fc0000 - 0x00007ffd8416d000 	C:\Windows\System32\USER32.dll
0x00007ffd832d0000 - 0x00007ffd832f6000 	C:\Windows\System32\win32u.dll
0x00007ffd83860000 - 0x00007ffd83889000 	C:\Windows\System32\GDI32.dll
0x00007ffd831b0000 - 0x00007ffd832c2000 	C:\Windows\System32\gdi32full.dll
0x00007ffd83300000 - 0x00007ffd8339a000 	C:\Windows\System32\msvcp_win.dll
0x00007ffd7c7c0000 - 0x00007ffd7c7d5000 	C:\Program Files\Java\jdk-11.0.17\bin\VCRUNTIME140.dll
0x00007ffd709e0000 - 0x00007ffd70c6e000 	C:\Windows\WinSxS\amd64_microsoft.windows.common-controls_6595b64144ccf1df_6.0.22621.608_none_a9444ca7c10bb01d\COMCTL32.dll
0x00007ffd7d5e0000 - 0x00007ffd7d5ea000 	C:\Windows\SYSTEM32\VERSION.dll
0x00007ffd83a70000 - 0x00007ffd83aa2000 	C:\Windows\System32\IMM32.DLL
0x00007ffd5cac0000 - 0x00007ffd5cb5b000 	C:\Program Files\Java\jdk-11.0.17\bin\msvcp140.dll
0x00007ffd28970000 - 0x00007ffd2948a000 	C:\Program Files\Java\jdk-11.0.17\bin\server\jvm.dll
0x00007ffd85050000 - 0x00007ffd85058000 	C:\Windows\System32\PSAPI.DLL
0x00007ffd74810000 - 0x00007ffd74819000 	C:\Windows\SYSTEM32\WSOCK32.dll
0x00007ffd83e80000 - 0x00007ffd83ef1000 	C:\Windows\System32\WS2_32.dll
0x00007ffd710f0000 - 0x00007ffd71124000 	C:\Windows\SYSTEM32\WINMM.dll
0x00007ffd81aa0000 - 0x00007ffd81ab8000 	C:\Windows\SYSTEM32\kernel.appcore.dll
0x00007ffd7fec0000 - 0x00007ffd7fed0000 	C:\Program Files\Java\jdk-11.0.17\bin\verify.dll
0x00007ffd6a9e0000 - 0x00007ffd6ac0e000 	C:\Windows\SYSTEM32\DBGHELP.DLL
0x00007ffd851c0000 - 0x00007ffd8554a000 	C:\Windows\System32\combase.dll
0x00007ffd838a0000 - 0x00007ffd83977000 	C:\Windows\System32\OLEAUT32.dll
0x00007ffd6fe70000 - 0x00007ffd6fea2000 	C:\Windows\SYSTEM32\dbgcore.DLL
0x00007ffd833a0000 - 0x00007ffd8341b000 	C:\Windows\System32\bcryptPrimitives.dll
0x00007ffd7a790000 - 0x00007ffd7a7b8000 	C:\Program Files\Java\jdk-11.0.17\bin\java.dll
0x00007ffd7c7b0000 - 0x00007ffd7c7ba000 	C:\Program Files\Java\jdk-11.0.17\bin\jimage.dll
0x00007ffd64570000 - 0x00007ffd64586000 	C:\Program Files\Java\jdk-11.0.17\bin\zip.dll

dbghelp: loaded successfully - version: 4.0.5 - missing functions: none
symbol engine: initialized successfully - sym options: 0x614 - pdb path: .;C:\Program Files\Java\jdk-11.0.17\bin;C:\Windows\SYSTEM32;C:\Windows\WinSxS\amd64_microsoft.windows.common-controls_6595b64144ccf1df_6.0.22621.608_none_a9444ca7c10bb01d;C:\Program Files\Java\jdk-11.0.17\bin\server

VM Arguments:
java_command: org.jetbrains.kotlin.cli.jvm.K2JVMCompiler @C:\Users\root\Desktop\Att-scanner\attscanner\node_modules\react-native-gesture-handler\android\build\20230404_14371612715449151659.compiler.options
java_class_path (initial): C:\Users\root\.gradle\caches\modules-2\files-2.1\org.jetbrains.kotlin\kotlin-compiler-embeddable\1.6.21\97bdd5a752ce73b58ef16c17bc7f0ea2faff7a2e\kotlin-compiler-embeddable-1.6.21.jar;C:\Users\root\.gradle\caches\modules-2\files-2.1\org.jetbrains.kotlin\kotlin-reflect\1.6.21\5dc3574d9b7bebfcb4ec6b10ada4aaa9e140bd0b\kotlin-reflect-1.6.21.jar;C:\Users\root\.gradle\caches\modules-2\files-2.1\org.jetbrains.kotlin\kotlin-stdlib\1.6.21\11ef67f1900634fd951bad28c53ec957fabbe5b8\kotlin-stdlib-1.6.21.jar;C:\Users\root\.gradle\caches\modules-2\files-2.1\org.jetbrains.kotlin\kotlin-script-runtime\1.6.21\99c6675100da5d6d5b1c5a1032f27f28008d101b\kotlin-script-runtime-1.6.21.jar;C:\Users\root\.gradle\caches\modules-2\files-2.1\org.jetbrains.kotlin\kotlin-daemon-embeddable\1.6.21\46b78cf392e1c4f10854c3cadba44abb7b82250f\kotlin-daemon-embeddable-1.6.21.jar;C:\Users\root\.gradle\caches\modules-2\files-2.1\org.jetbrains.intellij.deps\trove4j\1.0.20200330\3afb14d5f9ceb459d724e907a21145e8ff394f02\trove4j-1.0.20200330.jar;C:\Users\root\.gradle\caches\modules-2\files-2.1\net.java.dev.jna\jna\5.6.0\330f2244e9030119ab3030fc3fededc86713d9cc\jna-5.6.0.jar;C:\Users\root\.gradle\caches\modules-2\files-2.1\org.jetbrains.kotlin\kotlin-stdlib-common\1.6.21\5e5b55c26dbc80372a920aef60eb774b714559b8\kotlin-stdlib-common-1.6.21.jar;C:\Users\root\.gradle\caches\modules-2\files-2.1\org.jetbrains\annotations\13.0\919f0dfe192fb4e063e7dacadee7f8bb9a2672a9\annotations-13.0.jar
Launcher Type: SUN_STANDARD

[Global flags]
     intx CICompilerCount                          = 4                                         {product} {ergonomic}
     uint ConcGCThreads                            = 3                                         {product} {ergonomic}
     uint G1ConcRefinementThreads                  = 10                                        {product} {ergonomic}
   size_t G1HeapRegionSize                         = 1048576                                   {product} {ergonomic}
    uintx GCDrainStackTargetSize                   = 64                                        {product} {ergonomic}
   size_t InitialHeapSize                          = 268435456                                 {product} {ergonomic}
   size_t MarkStackSize                            = 4194304                                   {product} {ergonomic}
   size_t MaxHeapSize                              = 4282384384                                {product} {ergonomic}
   size_t MinHeapDeltaBytes                        = 1048576                                   {product} {ergonomic}
    uintx NonNMethodCodeHeapSize                   = 5836300                                {pd product} {ergonomic}
    uintx NonProfiledCodeHeapSize                  = 122910970                              {pd product} {ergonomic}
    uintx ProfiledCodeHeapSize                     = 122910970                              {pd product} {ergonomic}
    uintx ReservedCodeCacheSize                    = 251658240                              {pd product} {ergonomic}
     bool SegmentedCodeCache                       = true                                      {product} {ergonomic}
     bool UseCompressedClassPointers               = true                                 {lp64_product} {ergonomic}
     bool UseCompressedOops                        = true                                 {lp64_product} {ergonomic}
     bool UseG1GC                                  = true                                      {product} {ergonomic}
     bool UseLargePagesIndividualAllocation        = false                                  {pd product} {ergonomic}

Logging:
Log output configuration:
 #0: stdout all=warning uptime,level,tags
 #1: stderr all=off uptime,level,tags

Environment Variables:
JAVA_HOME=C:\Program Files\Java\jdk-11.0.17
CLASSPATH=C:\Users\root\Desktop\Att-scanner\attscanner\android\\gradle\wrapper\gradle-wrapper.jar
PATH=C:\Users\root\Desktop\Att-scanner\attscanner\android\node_modules\.bin;C:\Users\root\Desktop\Att-scanner\attscanner\node_modules\.bin;C:\Users\root\Desktop\Att-scanner\node_modules\.bin;C:\Users\root\Desktop\node_modules\.bin;C:\Users\root\node_modules\.bin;C:\Users\node_modules\.bin;C:\node_modules\.bin;C:\Program Files\nodejs;C:\Users\root\AppData\Local\Temp\yarn--1680616921858-0.9640641021581815;C:\Users\root\Desktop\Att-scanner\attscanner\node_modules\.bin;C:\Users\root\AppData\Local\Yarn\Data\link\node_modules\.bin;C:\Users\root\AppData\Local\Yarn\bin;C:\Program Files\libexec\lib\node_modules\npm\bin\node-gyp-bin;C:\Program Files\lib\node_modules\npm\bin\node-gyp-bin;C:\Program Files\nodejs\node_modules\npm\bin\node-gyp-bin;C:\Python311\Scripts\;C:\Python311\;C:\Windows\system32;C:\Windows;C:\Windows\System32\Wbem;C:\Windows\System32\WindowsPowerShell\v1.0\;C:\Windows\System32\OpenSSH\;C:\ProgramData\chocolatey\bin;C:\Program Files\Git\cmd;C:\Program Files (x86)\NVIDIA Corporation\PhysX\Common;C:\Program Files\NVIDIA Corporation\NVIDIA NvDLISR;C:\composer;E:\Android\Sdk\platform-tools;E:\xampp\php\;C:\Program Files\Java\jdk-11.0.17\bin;C:\Program Files\nodejs\;C:\Program Files\dotnet\;C:\Program Files\PuTTY\;C:\Users\root\AppData\Local\Microsoft\WindowsApps;C:\Users\root\AppData\Local\Programs\Microsoft VS Code\bin;C:\Users\root\AppData\Roaming\Composer\vendor\bin;C:\Users\root\AppData\Roaming\npm;C:\Program Files\OpenSSL-Win64\bin
USERNAME=root
OS=Windows_NT
PROCESSOR_IDENTIFIER=AMD64 Family 23 Model 8 Stepping 2, AuthenticAMD



---------------  S Y S T E M  ---------------

OS: Windows 11 , 64 bit Build 22621 (10.0.22621.1194)

CPU:total 12 (initial active 12) (12 cores per cpu, 2 threads per core) family 23 model 8 stepping 2 microcode 0x0, cmov, cx8, fxsr, mmx, sse, sse2, sse3, ssse3, sse4.1, sse4.2, popcnt, avx, avx2, aes, clmul, mmxext, 3dnowpref, lzcnt, sse4a, ht, tsc, tscinvbit, tscinv, bmi1, bmi2, adx, s

Memory: 4k page, system-wide physical 16335M (2546M free)
TotalPageFile size 18383M (AvailPageFile size 147M)
current process WorkingSet (physical memory assigned to process): 10M, peak: 10M
current process commit charge ("private bytes"): 64M, peak: 320M

vm_info: Java HotSpot(TM) 64-Bit Server VM (11.0.17+10-LTS-269) for windows-amd64 JRE (11.0.17+10-LTS-269), built on Sep 13 2022 19:26:37 by "mach5one" with MS VC++ 15.9 (VS2017)

END.
